<?xml version="1.0" encoding="UTF-8"?>
<!-- Generated by org.testng.reporters.JUnitReportReporter -->
<testsuite hostname="DESKTOP-VRBAL0D" failures="0" tests="2" name="testngbasics.AnnotationsDemo" time="7.855" errors="0" timestamp="2023-02-22T12:26:47 IST" skipped="0">
  <testcase classname="testngbasics.AnnotationsDemo" name="validateTitle" time="4.800"/>
  <system-out/>
  <testcase classname="testngbasics.AnnotationsDemo" name="validateLogin" time="3.055"/>
  <system-out/>
</testsuite> <!-- testngbasics.AnnotationsDemo -->
