<?xml version="1.0" encoding="UTF-8"?>
<!-- Generated by org.testng.reporters.JUnitReportReporter -->
<testsuite hostname="DESKTOP-VRBAL0D" failures="0" tests="6" name="testngbasics.PriorityDemo" time="0.040" errors="0" timestamp="2023-02-22T15:20:18 IST" skipped="1">
  <testcase classname="testngbasics.PriorityDemo" name="zebra" time="0.019"/>
  <system-out/>
  <testcase classname="testngbasics.PriorityDemo" name="apple" time="0.007"/>
  <system-out/>
  <testcase classname="testngbasics.PriorityDemo" name="apple" time="0.002"/>
  <system-out/>
  <testcase classname="testngbasics.PriorityDemo" name="apple" time="0.008"/>
  <system-out/>
  <testcase classname="testngbasics.PriorityDemo" name="chickoo" time="0.004"/>
  <system-out/>
  <testcase classname="testngbasics.PriorityDemo" name="grapes">
    <skipped/>
  </testcase> <!-- grapes -->
  <system-out/>
</testsuite> <!-- testngbasics.PriorityDemo -->
